0 info it worked if it ends with ok
1 verbose cli [ 'C:\\Program Files\\nodejs\\node.exe',
1 verbose cli   'C:\\Program Files\\nodejs\\node_modules\\npm\\bin\\npm-cli.js',
1 verbose cli   'cache',
1 verbose cli   'clean' ]
2 info using npm@3.10.10
3 info using node@v6.11.2
4 silly ls normalized .
5 silly gentlyRm C:\Users\rtersluijsen\AppData\Roaming\npm-cache\_locks is being purged
6 verbose gentlyRm don't care about contents; nuking C:\Users\rtersluijsen\AppData\Roaming\npm-cache\_locks
7 silly gentlyRm C:\Users\rtersluijsen\AppData\Roaming\npm-cache\accepts is being purged
8 verbose gentlyRm don't care about contents; nuking C:\Users\rtersluijsen\AppData\Roaming\npm-cache\accepts
9 silly gentlyRm C:\Users\rtersluijsen\AppData\Roaming\npm-cache\ajv is being purged
10 verbose gentlyRm don't care about contents; nuking C:\Users\rtersluijsen\AppData\Roaming\npm-cache\ajv
11 silly gentlyRm C:\Users\rtersluijsen\AppData\Roaming\npm-cache\array-flatten is being purged
12 verbose gentlyRm don't care about contents; nuking C:\Users\rtersluijsen\AppData\Roaming\npm-cache\array-flatten
13 silly gentlyRm C:\Users\rtersluijsen\AppData\Roaming\npm-cache\asn1 is being purged
14 verbose gentlyRm don't care about contents; nuking C:\Users\rtersluijsen\AppData\Roaming\npm-cache\asn1
15 silly gentlyRm C:\Users\rtersluijsen\AppData\Roaming\npm-cache\assert-plus is being purged
16 verbose gentlyRm don't care about contents; nuking C:\Users\rtersluijsen\AppData\Roaming\npm-cache\assert-plus
17 silly gentlyRm C:\Users\rtersluijsen\AppData\Roaming\npm-cache\asynckit is being purged
18 verbose gentlyRm don't care about contents; nuking C:\Users\rtersluijsen\AppData\Roaming\npm-cache\asynckit
19 silly gentlyRm C:\Users\rtersluijsen\AppData\Roaming\npm-cache\aws-sign2 is being purged
20 verbose gentlyRm don't care about contents; nuking C:\Users\rtersluijsen\AppData\Roaming\npm-cache\aws-sign2
21 silly gentlyRm C:\Users\rtersluijsen\AppData\Roaming\npm-cache\aws4 is being purged
22 verbose gentlyRm don't care about contents; nuking C:\Users\rtersluijsen\AppData\Roaming\npm-cache\aws4
23 silly gentlyRm C:\Users\rtersluijsen\AppData\Roaming\npm-cache\bcrypt-pbkdf is being purged
24 verbose gentlyRm don't care about contents; nuking C:\Users\rtersluijsen\AppData\Roaming\npm-cache\bcrypt-pbkdf
25 silly gentlyRm C:\Users\rtersluijsen\AppData\Roaming\npm-cache\body-parser is being purged
26 verbose gentlyRm don't care about contents; nuking C:\Users\rtersluijsen\AppData\Roaming\npm-cache\body-parser
27 silly gentlyRm C:\Users\rtersluijsen\AppData\Roaming\npm-cache\boom is being purged
28 verbose gentlyRm don't care about contents; nuking C:\Users\rtersluijsen\AppData\Roaming\npm-cache\boom
29 silly gentlyRm C:\Users\rtersluijsen\AppData\Roaming\npm-cache\buffer-writer is being purged
30 verbose gentlyRm don't care about contents; nuking C:\Users\rtersluijsen\AppData\Roaming\npm-cache\buffer-writer
31 silly gentlyRm C:\Users\rtersluijsen\AppData\Roaming\npm-cache\bytes is being purged
32 verbose gentlyRm don't care about contents; nuking C:\Users\rtersluijsen\AppData\Roaming\npm-cache\bytes
33 silly gentlyRm C:\Users\rtersluijsen\AppData\Roaming\npm-cache\caseless is being purged
34 verbose gentlyRm don't care about contents; nuking C:\Users\rtersluijsen\AppData\Roaming\npm-cache\caseless
35 silly gentlyRm C:\Users\rtersluijsen\AppData\Roaming\npm-cache\co is being purged
36 verbose gentlyRm don't care about contents; nuking C:\Users\rtersluijsen\AppData\Roaming\npm-cache\co
37 silly gentlyRm C:\Users\rtersluijsen\AppData\Roaming\npm-cache\combined-stream is being purged
38 verbose gentlyRm don't care about contents; nuking C:\Users\rtersluijsen\AppData\Roaming\npm-cache\combined-stream
39 silly gentlyRm C:\Users\rtersluijsen\AppData\Roaming\npm-cache\content-disposition is being purged
40 verbose gentlyRm don't care about contents; nuking C:\Users\rtersluijsen\AppData\Roaming\npm-cache\content-disposition
41 silly gentlyRm C:\Users\rtersluijsen\AppData\Roaming\npm-cache\content-type is being purged
42 verbose gentlyRm don't care about contents; nuking C:\Users\rtersluijsen\AppData\Roaming\npm-cache\content-type
43 silly gentlyRm C:\Users\rtersluijsen\AppData\Roaming\npm-cache\cookie is being purged
44 verbose gentlyRm don't care about contents; nuking C:\Users\rtersluijsen\AppData\Roaming\npm-cache\cookie
45 silly gentlyRm C:\Users\rtersluijsen\AppData\Roaming\npm-cache\cookie-signature is being purged
46 verbose gentlyRm don't care about contents; nuking C:\Users\rtersluijsen\AppData\Roaming\npm-cache\cookie-signature
47 silly gentlyRm C:\Users\rtersluijsen\AppData\Roaming\npm-cache\core-util-is is being purged
48 verbose gentlyRm don't care about contents; nuking C:\Users\rtersluijsen\AppData\Roaming\npm-cache\core-util-is
49 silly gentlyRm C:\Users\rtersluijsen\AppData\Roaming\npm-cache\cryptiles is being purged
50 verbose gentlyRm don't care about contents; nuking C:\Users\rtersluijsen\AppData\Roaming\npm-cache\cryptiles
51 silly gentlyRm C:\Users\rtersluijsen\AppData\Roaming\npm-cache\dashdash is being purged
52 verbose gentlyRm don't care about contents; nuking C:\Users\rtersluijsen\AppData\Roaming\npm-cache\dashdash
53 silly gentlyRm C:\Users\rtersluijsen\AppData\Roaming\npm-cache\debug is being purged
54 verbose gentlyRm don't care about contents; nuking C:\Users\rtersluijsen\AppData\Roaming\npm-cache\debug
55 silly gentlyRm C:\Users\rtersluijsen\AppData\Roaming\npm-cache\delayed-stream is being purged
56 verbose gentlyRm don't care about contents; nuking C:\Users\rtersluijsen\AppData\Roaming\npm-cache\delayed-stream
57 silly gentlyRm C:\Users\rtersluijsen\AppData\Roaming\npm-cache\depd is being purged
58 verbose gentlyRm don't care about contents; nuking C:\Users\rtersluijsen\AppData\Roaming\npm-cache\depd
59 silly gentlyRm C:\Users\rtersluijsen\AppData\Roaming\npm-cache\destroy is being purged
60 verbose gentlyRm don't care about contents; nuking C:\Users\rtersluijsen\AppData\Roaming\npm-cache\destroy
61 silly gentlyRm C:\Users\rtersluijsen\AppData\Roaming\npm-cache\ecc-jsbn is being purged
62 verbose gentlyRm don't care about contents; nuking C:\Users\rtersluijsen\AppData\Roaming\npm-cache\ecc-jsbn
63 silly gentlyRm C:\Users\rtersluijsen\AppData\Roaming\npm-cache\ee-first is being purged
64 verbose gentlyRm don't care about contents; nuking C:\Users\rtersluijsen\AppData\Roaming\npm-cache\ee-first
65 silly gentlyRm C:\Users\rtersluijsen\AppData\Roaming\npm-cache\encodeurl is being purged
66 verbose gentlyRm don't care about contents; nuking C:\Users\rtersluijsen\AppData\Roaming\npm-cache\encodeurl
67 silly gentlyRm C:\Users\rtersluijsen\AppData\Roaming\npm-cache\escape-html is being purged
68 verbose gentlyRm don't care about contents; nuking C:\Users\rtersluijsen\AppData\Roaming\npm-cache\escape-html
69 silly gentlyRm C:\Users\rtersluijsen\AppData\Roaming\npm-cache\etag is being purged
70 verbose gentlyRm don't care about contents; nuking C:\Users\rtersluijsen\AppData\Roaming\npm-cache\etag
71 silly gentlyRm C:\Users\rtersluijsen\AppData\Roaming\npm-cache\express is being purged
72 verbose gentlyRm don't care about contents; nuking C:\Users\rtersluijsen\AppData\Roaming\npm-cache\express
73 silly gentlyRm C:\Users\rtersluijsen\AppData\Roaming\npm-cache\extend is being purged
74 verbose gentlyRm don't care about contents; nuking C:\Users\rtersluijsen\AppData\Roaming\npm-cache\extend
75 silly gentlyRm C:\Users\rtersluijsen\AppData\Roaming\npm-cache\extsprintf is being purged
76 verbose gentlyRm don't care about contents; nuking C:\Users\rtersluijsen\AppData\Roaming\npm-cache\extsprintf
77 silly gentlyRm C:\Users\rtersluijsen\AppData\Roaming\npm-cache\fast-deep-equal is being purged
78 verbose gentlyRm don't care about contents; nuking C:\Users\rtersluijsen\AppData\Roaming\npm-cache\fast-deep-equal
79 silly gentlyRm C:\Users\rtersluijsen\AppData\Roaming\npm-cache\finalhandler is being purged
80 verbose gentlyRm don't care about contents; nuking C:\Users\rtersluijsen\AppData\Roaming\npm-cache\finalhandler
81 silly gentlyRm C:\Users\rtersluijsen\AppData\Roaming\npm-cache\forever-agent is being purged
82 verbose gentlyRm don't care about contents; nuking C:\Users\rtersluijsen\AppData\Roaming\npm-cache\forever-agent
83 silly gentlyRm C:\Users\rtersluijsen\AppData\Roaming\npm-cache\form-data is being purged
84 verbose gentlyRm don't care about contents; nuking C:\Users\rtersluijsen\AppData\Roaming\npm-cache\form-data
85 silly gentlyRm C:\Users\rtersluijsen\AppData\Roaming\npm-cache\forwarded is being purged
86 verbose gentlyRm don't care about contents; nuking C:\Users\rtersluijsen\AppData\Roaming\npm-cache\forwarded
87 silly gentlyRm C:\Users\rtersluijsen\AppData\Roaming\npm-cache\fresh is being purged
88 verbose gentlyRm don't care about contents; nuking C:\Users\rtersluijsen\AppData\Roaming\npm-cache\fresh
89 silly gentlyRm C:\Users\rtersluijsen\AppData\Roaming\npm-cache\getpass is being purged
90 verbose gentlyRm don't care about contents; nuking C:\Users\rtersluijsen\AppData\Roaming\npm-cache\getpass
91 silly gentlyRm C:\Users\rtersluijsen\AppData\Roaming\npm-cache\har-schema is being purged
92 verbose gentlyRm don't care about contents; nuking C:\Users\rtersluijsen\AppData\Roaming\npm-cache\har-schema
93 silly gentlyRm C:\Users\rtersluijsen\AppData\Roaming\npm-cache\har-validator is being purged
94 verbose gentlyRm don't care about contents; nuking C:\Users\rtersluijsen\AppData\Roaming\npm-cache\har-validator
95 silly gentlyRm C:\Users\rtersluijsen\AppData\Roaming\npm-cache\hawk is being purged
96 verbose gentlyRm don't care about contents; nuking C:\Users\rtersluijsen\AppData\Roaming\npm-cache\hawk
97 silly gentlyRm C:\Users\rtersluijsen\AppData\Roaming\npm-cache\hoek is being purged
98 verbose gentlyRm don't care about contents; nuking C:\Users\rtersluijsen\AppData\Roaming\npm-cache\hoek
99 silly gentlyRm C:\Users\rtersluijsen\AppData\Roaming\npm-cache\http-errors is being purged
100 verbose gentlyRm don't care about contents; nuking C:\Users\rtersluijsen\AppData\Roaming\npm-cache\http-errors
101 silly gentlyRm C:\Users\rtersluijsen\AppData\Roaming\npm-cache\http-signature is being purged
102 verbose gentlyRm don't care about contents; nuking C:\Users\rtersluijsen\AppData\Roaming\npm-cache\http-signature
103 silly gentlyRm C:\Users\rtersluijsen\AppData\Roaming\npm-cache\https-post is being purged
104 verbose gentlyRm don't care about contents; nuking C:\Users\rtersluijsen\AppData\Roaming\npm-cache\https-post
105 silly gentlyRm C:\Users\rtersluijsen\AppData\Roaming\npm-cache\iconv-lite is being purged
106 verbose gentlyRm don't care about contents; nuking C:\Users\rtersluijsen\AppData\Roaming\npm-cache\iconv-lite
107 silly gentlyRm C:\Users\rtersluijsen\AppData\Roaming\npm-cache\inherits is being purged
108 verbose gentlyRm don't care about contents; nuking C:\Users\rtersluijsen\AppData\Roaming\npm-cache\inherits
109 silly gentlyRm C:\Users\rtersluijsen\AppData\Roaming\npm-cache\ipaddr.js is being purged
110 verbose gentlyRm don't care about contents; nuking C:\Users\rtersluijsen\AppData\Roaming\npm-cache\ipaddr.js
111 silly gentlyRm C:\Users\rtersluijsen\AppData\Roaming\npm-cache\is-typedarray is being purged
112 verbose gentlyRm don't care about contents; nuking C:\Users\rtersluijsen\AppData\Roaming\npm-cache\is-typedarray
113 silly gentlyRm C:\Users\rtersluijsen\AppData\Roaming\npm-cache\isstream is being purged
114 verbose gentlyRm don't care about contents; nuking C:\Users\rtersluijsen\AppData\Roaming\npm-cache\isstream
115 silly gentlyRm C:\Users\rtersluijsen\AppData\Roaming\npm-cache\js-string-escape is being purged
116 verbose gentlyRm don't care about contents; nuking C:\Users\rtersluijsen\AppData\Roaming\npm-cache\js-string-escape
117 silly gentlyRm C:\Users\rtersluijsen\AppData\Roaming\npm-cache\jsbn is being purged
118 verbose gentlyRm don't care about contents; nuking C:\Users\rtersluijsen\AppData\Roaming\npm-cache\jsbn
119 silly gentlyRm C:\Users\rtersluijsen\AppData\Roaming\npm-cache\json-schema is being purged
120 verbose gentlyRm don't care about contents; nuking C:\Users\rtersluijsen\AppData\Roaming\npm-cache\json-schema
121 silly gentlyRm C:\Users\rtersluijsen\AppData\Roaming\npm-cache\json-schema-traverse is being purged
122 verbose gentlyRm don't care about contents; nuking C:\Users\rtersluijsen\AppData\Roaming\npm-cache\json-schema-traverse
123 silly gentlyRm C:\Users\rtersluijsen\AppData\Roaming\npm-cache\json-stable-stringify is being purged
124 verbose gentlyRm don't care about contents; nuking C:\Users\rtersluijsen\AppData\Roaming\npm-cache\json-stable-stringify
125 silly gentlyRm C:\Users\rtersluijsen\AppData\Roaming\npm-cache\json-stringify-safe is being purged
126 verbose gentlyRm don't care about contents; nuking C:\Users\rtersluijsen\AppData\Roaming\npm-cache\json-stringify-safe
127 silly gentlyRm C:\Users\rtersluijsen\AppData\Roaming\npm-cache\jsonify is being purged
128 verbose gentlyRm don't care about contents; nuking C:\Users\rtersluijsen\AppData\Roaming\npm-cache\jsonify
129 silly gentlyRm C:\Users\rtersluijsen\AppData\Roaming\npm-cache\jsprim is being purged
130 verbose gentlyRm don't care about contents; nuking C:\Users\rtersluijsen\AppData\Roaming\npm-cache\jsprim
131 silly gentlyRm C:\Users\rtersluijsen\AppData\Roaming\npm-cache\media-typer is being purged
132 verbose gentlyRm don't care about contents; nuking C:\Users\rtersluijsen\AppData\Roaming\npm-cache\media-typer
133 silly gentlyRm C:\Users\rtersluijsen\AppData\Roaming\npm-cache\merge-descriptors is being purged
134 verbose gentlyRm don't care about contents; nuking C:\Users\rtersluijsen\AppData\Roaming\npm-cache\merge-descriptors
135 silly gentlyRm C:\Users\rtersluijsen\AppData\Roaming\npm-cache\methods is being purged
136 verbose gentlyRm don't care about contents; nuking C:\Users\rtersluijsen\AppData\Roaming\npm-cache\methods
137 silly gentlyRm C:\Users\rtersluijsen\AppData\Roaming\npm-cache\mime is being purged
138 verbose gentlyRm don't care about contents; nuking C:\Users\rtersluijsen\AppData\Roaming\npm-cache\mime
139 silly gentlyRm C:\Users\rtersluijsen\AppData\Roaming\npm-cache\mime-db is being purged
140 verbose gentlyRm don't care about contents; nuking C:\Users\rtersluijsen\AppData\Roaming\npm-cache\mime-db
141 silly gentlyRm C:\Users\rtersluijsen\AppData\Roaming\npm-cache\mime-types is being purged
142 verbose gentlyRm don't care about contents; nuking C:\Users\rtersluijsen\AppData\Roaming\npm-cache\mime-types
143 silly gentlyRm C:\Users\rtersluijsen\AppData\Roaming\npm-cache\ms is being purged
144 verbose gentlyRm don't care about contents; nuking C:\Users\rtersluijsen\AppData\Roaming\npm-cache\ms
145 silly gentlyRm C:\Users\rtersluijsen\AppData\Roaming\npm-cache\negotiator is being purged
146 verbose gentlyRm don't care about contents; nuking C:\Users\rtersluijsen\AppData\Roaming\npm-cache\negotiator
147 silly gentlyRm C:\Users\rtersluijsen\AppData\Roaming\npm-cache\oauth-sign is being purged
148 verbose gentlyRm don't care about contents; nuking C:\Users\rtersluijsen\AppData\Roaming\npm-cache\oauth-sign
149 silly gentlyRm C:\Users\rtersluijsen\AppData\Roaming\npm-cache\on-finished is being purged
150 verbose gentlyRm don't care about contents; nuking C:\Users\rtersluijsen\AppData\Roaming\npm-cache\on-finished
151 silly gentlyRm C:\Users\rtersluijsen\AppData\Roaming\npm-cache\packet-reader is being purged
152 verbose gentlyRm don't care about contents; nuking C:\Users\rtersluijsen\AppData\Roaming\npm-cache\packet-reader
153 silly gentlyRm C:\Users\rtersluijsen\AppData\Roaming\npm-cache\parseurl is being purged
154 verbose gentlyRm don't care about contents; nuking C:\Users\rtersluijsen\AppData\Roaming\npm-cache\parseurl
155 silly gentlyRm C:\Users\rtersluijsen\AppData\Roaming\npm-cache\password-hash is being purged
156 verbose gentlyRm don't care about contents; nuking C:\Users\rtersluijsen\AppData\Roaming\npm-cache\password-hash
157 silly gentlyRm C:\Users\rtersluijsen\AppData\Roaming\npm-cache\path-to-regexp is being purged
158 verbose gentlyRm don't care about contents; nuking C:\Users\rtersluijsen\AppData\Roaming\npm-cache\path-to-regexp
159 silly gentlyRm C:\Users\rtersluijsen\AppData\Roaming\npm-cache\performance-now is being purged
160 verbose gentlyRm don't care about contents; nuking C:\Users\rtersluijsen\AppData\Roaming\npm-cache\performance-now
161 silly gentlyRm C:\Users\rtersluijsen\AppData\Roaming\npm-cache\pg is being purged
162 verbose gentlyRm don't care about contents; nuking C:\Users\rtersluijsen\AppData\Roaming\npm-cache\pg
163 silly gentlyRm C:\Users\rtersluijsen\AppData\Roaming\npm-cache\pg-connection-string is being purged
164 verbose gentlyRm don't care about contents; nuking C:\Users\rtersluijsen\AppData\Roaming\npm-cache\pg-connection-string
165 silly gentlyRm C:\Users\rtersluijsen\AppData\Roaming\npm-cache\pg-pool is being purged
166 verbose gentlyRm don't care about contents; nuking C:\Users\rtersluijsen\AppData\Roaming\npm-cache\pg-pool
167 silly gentlyRm C:\Users\rtersluijsen\AppData\Roaming\npm-cache\pg-types is being purged
168 verbose gentlyRm don't care about contents; nuking C:\Users\rtersluijsen\AppData\Roaming\npm-cache\pg-types
169 silly gentlyRm C:\Users\rtersluijsen\AppData\Roaming\npm-cache\pgpass is being purged
170 verbose gentlyRm don't care about contents; nuking C:\Users\rtersluijsen\AppData\Roaming\npm-cache\pgpass
171 silly gentlyRm C:\Users\rtersluijsen\AppData\Roaming\npm-cache\postgres-array is being purged
172 verbose gentlyRm don't care about contents; nuking C:\Users\rtersluijsen\AppData\Roaming\npm-cache\postgres-array
173 silly gentlyRm C:\Users\rtersluijsen\AppData\Roaming\npm-cache\postgres-bytea is being purged
174 verbose gentlyRm don't care about contents; nuking C:\Users\rtersluijsen\AppData\Roaming\npm-cache\postgres-bytea
175 silly gentlyRm C:\Users\rtersluijsen\AppData\Roaming\npm-cache\postgres-date is being purged
176 verbose gentlyRm don't care about contents; nuking C:\Users\rtersluijsen\AppData\Roaming\npm-cache\postgres-date
177 silly gentlyRm C:\Users\rtersluijsen\AppData\Roaming\npm-cache\postgres-interval is being purged
178 verbose gentlyRm don't care about contents; nuking C:\Users\rtersluijsen\AppData\Roaming\npm-cache\postgres-interval
179 silly gentlyRm C:\Users\rtersluijsen\AppData\Roaming\npm-cache\proxy-addr is being purged
180 verbose gentlyRm don't care about contents; nuking C:\Users\rtersluijsen\AppData\Roaming\npm-cache\proxy-addr
181 silly gentlyRm C:\Users\rtersluijsen\AppData\Roaming\npm-cache\punycode is being purged
182 verbose gentlyRm don't care about contents; nuking C:\Users\rtersluijsen\AppData\Roaming\npm-cache\punycode
183 silly gentlyRm C:\Users\rtersluijsen\AppData\Roaming\npm-cache\qs is being purged
184 verbose gentlyRm don't care about contents; nuking C:\Users\rtersluijsen\AppData\Roaming\npm-cache\qs
185 silly gentlyRm C:\Users\rtersluijsen\AppData\Roaming\npm-cache\range-parser is being purged
186 verbose gentlyRm don't care about contents; nuking C:\Users\rtersluijsen\AppData\Roaming\npm-cache\range-parser
187 silly gentlyRm C:\Users\rtersluijsen\AppData\Roaming\npm-cache\raw-body is being purged
188 verbose gentlyRm don't care about contents; nuking C:\Users\rtersluijsen\AppData\Roaming\npm-cache\raw-body
189 silly gentlyRm C:\Users\rtersluijsen\AppData\Roaming\npm-cache\registry.npmjs.org is being purged
190 verbose gentlyRm don't care about contents; nuking C:\Users\rtersluijsen\AppData\Roaming\npm-cache\registry.npmjs.org
191 silly gentlyRm C:\Users\rtersluijsen\AppData\Roaming\npm-cache\request is being purged
192 verbose gentlyRm don't care about contents; nuking C:\Users\rtersluijsen\AppData\Roaming\npm-cache\request
193 silly gentlyRm C:\Users\rtersluijsen\AppData\Roaming\npm-cache\safe-buffer is being purged
194 verbose gentlyRm don't care about contents; nuking C:\Users\rtersluijsen\AppData\Roaming\npm-cache\safe-buffer
195 silly gentlyRm C:\Users\rtersluijsen\AppData\Roaming\npm-cache\sax is being purged
196 verbose gentlyRm don't care about contents; nuking C:\Users\rtersluijsen\AppData\Roaming\npm-cache\sax
197 silly gentlyRm C:\Users\rtersluijsen\AppData\Roaming\npm-cache\semver is being purged
198 verbose gentlyRm don't care about contents; nuking C:\Users\rtersluijsen\AppData\Roaming\npm-cache\semver
199 silly gentlyRm C:\Users\rtersluijsen\AppData\Roaming\npm-cache\send is being purged
200 verbose gentlyRm don't care about contents; nuking C:\Users\rtersluijsen\AppData\Roaming\npm-cache\send
201 silly gentlyRm C:\Users\rtersluijsen\AppData\Roaming\npm-cache\serve-static is being purged
202 verbose gentlyRm don't care about contents; nuking C:\Users\rtersluijsen\AppData\Roaming\npm-cache\serve-static
203 silly gentlyRm C:\Users\rtersluijsen\AppData\Roaming\npm-cache\setprototypeof is being purged
204 verbose gentlyRm don't care about contents; nuking C:\Users\rtersluijsen\AppData\Roaming\npm-cache\setprototypeof
205 silly gentlyRm C:\Users\rtersluijsen\AppData\Roaming\npm-cache\sntp is being purged
206 verbose gentlyRm don't care about contents; nuking C:\Users\rtersluijsen\AppData\Roaming\npm-cache\sntp
207 silly gentlyRm C:\Users\rtersluijsen\AppData\Roaming\npm-cache\split is being purged
208 verbose gentlyRm don't care about contents; nuking C:\Users\rtersluijsen\AppData\Roaming\npm-cache\split
209 silly gentlyRm C:\Users\rtersluijsen\AppData\Roaming\npm-cache\sshpk is being purged
210 verbose gentlyRm don't care about contents; nuking C:\Users\rtersluijsen\AppData\Roaming\npm-cache\sshpk
211 silly gentlyRm C:\Users\rtersluijsen\AppData\Roaming\npm-cache\statuses is being purged
212 verbose gentlyRm don't care about contents; nuking C:\Users\rtersluijsen\AppData\Roaming\npm-cache\statuses
213 silly gentlyRm C:\Users\rtersluijsen\AppData\Roaming\npm-cache\stringstream is being purged
214 verbose gentlyRm don't care about contents; nuking C:\Users\rtersluijsen\AppData\Roaming\npm-cache\stringstream
215 silly gentlyRm C:\Users\rtersluijsen\AppData\Roaming\npm-cache\through is being purged
216 verbose gentlyRm don't care about contents; nuking C:\Users\rtersluijsen\AppData\Roaming\npm-cache\through
217 silly gentlyRm C:\Users\rtersluijsen\AppData\Roaming\npm-cache\tough-cookie is being purged
218 verbose gentlyRm don't care about contents; nuking C:\Users\rtersluijsen\AppData\Roaming\npm-cache\tough-cookie
219 silly gentlyRm C:\Users\rtersluijsen\AppData\Roaming\npm-cache\tunnel-agent is being purged
220 verbose gentlyRm don't care about contents; nuking C:\Users\rtersluijsen\AppData\Roaming\npm-cache\tunnel-agent
221 silly gentlyRm C:\Users\rtersluijsen\AppData\Roaming\npm-cache\tweetnacl is being purged
222 verbose gentlyRm don't care about contents; nuking C:\Users\rtersluijsen\AppData\Roaming\npm-cache\tweetnacl
223 silly gentlyRm C:\Users\rtersluijsen\AppData\Roaming\npm-cache\type-is is being purged
224 verbose gentlyRm don't care about contents; nuking C:\Users\rtersluijsen\AppData\Roaming\npm-cache\type-is
225 silly gentlyRm C:\Users\rtersluijsen\AppData\Roaming\npm-cache\unpipe is being purged
226 verbose gentlyRm don't care about contents; nuking C:\Users\rtersluijsen\AppData\Roaming\npm-cache\unpipe
227 silly gentlyRm C:\Users\rtersluijsen\AppData\Roaming\npm-cache\utils-merge is being purged
228 verbose gentlyRm don't care about contents; nuking C:\Users\rtersluijsen\AppData\Roaming\npm-cache\utils-merge
229 silly gentlyRm C:\Users\rtersluijsen\AppData\Roaming\npm-cache\uuid is being purged
230 verbose gentlyRm don't care about contents; nuking C:\Users\rtersluijsen\AppData\Roaming\npm-cache\uuid
231 silly gentlyRm C:\Users\rtersluijsen\AppData\Roaming\npm-cache\vary is being purged
232 verbose gentlyRm don't care about contents; nuking C:\Users\rtersluijsen\AppData\Roaming\npm-cache\vary
233 silly gentlyRm C:\Users\rtersluijsen\AppData\Roaming\npm-cache\verror is being purged
234 verbose gentlyRm don't care about contents; nuking C:\Users\rtersluijsen\AppData\Roaming\npm-cache\verror
235 silly gentlyRm C:\Users\rtersluijsen\AppData\Roaming\npm-cache\xml2js is being purged
236 verbose gentlyRm don't care about contents; nuking C:\Users\rtersluijsen\AppData\Roaming\npm-cache\xml2js
237 silly gentlyRm C:\Users\rtersluijsen\AppData\Roaming\npm-cache\xmlbuilder is being purged
238 verbose gentlyRm don't care about contents; nuking C:\Users\rtersluijsen\AppData\Roaming\npm-cache\xmlbuilder
239 silly gentlyRm C:\Users\rtersluijsen\AppData\Roaming\npm-cache\xtend is being purged
240 verbose gentlyRm don't care about contents; nuking C:\Users\rtersluijsen\AppData\Roaming\npm-cache\xtend
241 silly vacuum-fs purging C:\Users\rtersluijsen\AppData\Roaming\npm-cache\_locks
242 silly vacuum-fs purging C:\Users\rtersluijsen\AppData\Roaming\npm-cache\accepts
243 silly vacuum-fs purging C:\Users\rtersluijsen\AppData\Roaming\npm-cache\ajv
244 silly vacuum-fs purging C:\Users\rtersluijsen\AppData\Roaming\npm-cache\array-flatten
245 silly vacuum-fs purging C:\Users\rtersluijsen\AppData\Roaming\npm-cache\asn1
246 silly vacuum-fs purging C:\Users\rtersluijsen\AppData\Roaming\npm-cache\assert-plus
247 silly vacuum-fs purging C:\Users\rtersluijsen\AppData\Roaming\npm-cache\asynckit
248 silly vacuum-fs purging C:\Users\rtersluijsen\AppData\Roaming\npm-cache\aws-sign2
249 silly vacuum-fs purging C:\Users\rtersluijsen\AppData\Roaming\npm-cache\aws4
250 silly vacuum-fs purging C:\Users\rtersluijsen\AppData\Roaming\npm-cache\bcrypt-pbkdf
251 silly vacuum-fs purging C:\Users\rtersluijsen\AppData\Roaming\npm-cache\body-parser
252 silly vacuum-fs purging C:\Users\rtersluijsen\AppData\Roaming\npm-cache\boom
253 silly vacuum-fs purging C:\Users\rtersluijsen\AppData\Roaming\npm-cache\buffer-writer
254 silly vacuum-fs purging C:\Users\rtersluijsen\AppData\Roaming\npm-cache\bytes
255 silly vacuum-fs purging C:\Users\rtersluijsen\AppData\Roaming\npm-cache\caseless
256 silly vacuum-fs purging C:\Users\rtersluijsen\AppData\Roaming\npm-cache\co
257 silly vacuum-fs purging C:\Users\rtersluijsen\AppData\Roaming\npm-cache\combined-stream
258 silly vacuum-fs purging C:\Users\rtersluijsen\AppData\Roaming\npm-cache\content-disposition
259 silly vacuum-fs purging C:\Users\rtersluijsen\AppData\Roaming\npm-cache\content-type
260 silly vacuum-fs purging C:\Users\rtersluijsen\AppData\Roaming\npm-cache\cookie
261 silly vacuum-fs purging C:\Users\rtersluijsen\AppData\Roaming\npm-cache\cookie-signature
262 silly vacuum-fs purging C:\Users\rtersluijsen\AppData\Roaming\npm-cache\core-util-is
263 silly vacuum-fs purging C:\Users\rtersluijsen\AppData\Roaming\npm-cache\cryptiles
264 silly vacuum-fs purging C:\Users\rtersluijsen\AppData\Roaming\npm-cache\dashdash
265 silly vacuum-fs purging C:\Users\rtersluijsen\AppData\Roaming\npm-cache\debug
266 silly vacuum-fs purging C:\Users\rtersluijsen\AppData\Roaming\npm-cache\delayed-stream
267 silly vacuum-fs purging C:\Users\rtersluijsen\AppData\Roaming\npm-cache\depd
268 silly vacuum-fs purging C:\Users\rtersluijsen\AppData\Roaming\npm-cache\destroy
269 silly vacuum-fs purging C:\Users\rtersluijsen\AppData\Roaming\npm-cache\ecc-jsbn
270 silly vacuum-fs purging C:\Users\rtersluijsen\AppData\Roaming\npm-cache\ee-first
271 silly vacuum-fs purging C:\Users\rtersluijsen\AppData\Roaming\npm-cache\encodeurl
272 silly vacuum-fs purging C:\Users\rtersluijsen\AppData\Roaming\npm-cache\escape-html
273 silly vacuum-fs purging C:\Users\rtersluijsen\AppData\Roaming\npm-cache\etag
274 silly vacuum-fs purging C:\Users\rtersluijsen\AppData\Roaming\npm-cache\express
275 silly vacuum-fs purging C:\Users\rtersluijsen\AppData\Roaming\npm-cache\extend
276 silly vacuum-fs purging C:\Users\rtersluijsen\AppData\Roaming\npm-cache\extsprintf
277 silly vacuum-fs purging C:\Users\rtersluijsen\AppData\Roaming\npm-cache\fast-deep-equal
278 silly vacuum-fs purging C:\Users\rtersluijsen\AppData\Roaming\npm-cache\finalhandler
279 silly vacuum-fs purging C:\Users\rtersluijsen\AppData\Roaming\npm-cache\forever-agent
280 silly vacuum-fs purging C:\Users\rtersluijsen\AppData\Roaming\npm-cache\form-data
281 silly vacuum-fs purging C:\Users\rtersluijsen\AppData\Roaming\npm-cache\forwarded
282 silly vacuum-fs purging C:\Users\rtersluijsen\AppData\Roaming\npm-cache\fresh
283 silly vacuum-fs purging C:\Users\rtersluijsen\AppData\Roaming\npm-cache\getpass
284 silly vacuum-fs purging C:\Users\rtersluijsen\AppData\Roaming\npm-cache\har-schema
285 silly vacuum-fs purging C:\Users\rtersluijsen\AppData\Roaming\npm-cache\har-validator
286 silly vacuum-fs purging C:\Users\rtersluijsen\AppData\Roaming\npm-cache\hawk
287 silly vacuum-fs purging C:\Users\rtersluijsen\AppData\Roaming\npm-cache\hoek
288 silly vacuum-fs purging C:\Users\rtersluijsen\AppData\Roaming\npm-cache\http-errors
289 silly vacuum-fs purging C:\Users\rtersluijsen\AppData\Roaming\npm-cache\http-signature
290 silly vacuum-fs purging C:\Users\rtersluijsen\AppData\Roaming\npm-cache\https-post
291 silly vacuum-fs purging C:\Users\rtersluijsen\AppData\Roaming\npm-cache\iconv-lite
292 silly vacuum-fs purging C:\Users\rtersluijsen\AppData\Roaming\npm-cache\inherits
293 silly vacuum-fs purging C:\Users\rtersluijsen\AppData\Roaming\npm-cache\ipaddr.js
294 silly vacuum-fs purging C:\Users\rtersluijsen\AppData\Roaming\npm-cache\is-typedarray
295 silly vacuum-fs purging C:\Users\rtersluijsen\AppData\Roaming\npm-cache\isstream
296 silly vacuum-fs purging C:\Users\rtersluijsen\AppData\Roaming\npm-cache\js-string-escape
297 silly vacuum-fs purging C:\Users\rtersluijsen\AppData\Roaming\npm-cache\jsbn
298 silly vacuum-fs purging C:\Users\rtersluijsen\AppData\Roaming\npm-cache\json-schema
299 silly vacuum-fs purging C:\Users\rtersluijsen\AppData\Roaming\npm-cache\json-schema-traverse
300 silly vacuum-fs purging C:\Users\rtersluijsen\AppData\Roaming\npm-cache\json-stable-stringify
301 silly vacuum-fs purging C:\Users\rtersluijsen\AppData\Roaming\npm-cache\json-stringify-safe
302 silly vacuum-fs purging C:\Users\rtersluijsen\AppData\Roaming\npm-cache\jsonify
303 silly vacuum-fs purging C:\Users\rtersluijsen\AppData\Roaming\npm-cache\jsprim
304 silly vacuum-fs purging C:\Users\rtersluijsen\AppData\Roaming\npm-cache\media-typer
305 silly vacuum-fs purging C:\Users\rtersluijsen\AppData\Roaming\npm-cache\merge-descriptors
306 silly vacuum-fs purging C:\Users\rtersluijsen\AppData\Roaming\npm-cache\methods
307 silly vacuum-fs purging C:\Users\rtersluijsen\AppData\Roaming\npm-cache\mime
308 silly vacuum-fs purging C:\Users\rtersluijsen\AppData\Roaming\npm-cache\mime-db
309 silly vacuum-fs purging C:\Users\rtersluijsen\AppData\Roaming\npm-cache\mime-types
310 silly vacuum-fs purging C:\Users\rtersluijsen\AppData\Roaming\npm-cache\ms
311 silly vacuum-fs purging C:\Users\rtersluijsen\AppData\Roaming\npm-cache\negotiator
312 silly vacuum-fs purging C:\Users\rtersluijsen\AppData\Roaming\npm-cache\oauth-sign
313 silly vacuum-fs purging C:\Users\rtersluijsen\AppData\Roaming\npm-cache\on-finished
314 silly vacuum-fs purging C:\Users\rtersluijsen\AppData\Roaming\npm-cache\packet-reader
315 silly vacuum-fs purging C:\Users\rtersluijsen\AppData\Roaming\npm-cache\parseurl
316 silly vacuum-fs purging C:\Users\rtersluijsen\AppData\Roaming\npm-cache\password-hash
317 silly vacuum-fs purging C:\Users\rtersluijsen\AppData\Roaming\npm-cache\path-to-regexp
318 silly vacuum-fs purging C:\Users\rtersluijsen\AppData\Roaming\npm-cache\performance-now
319 silly vacuum-fs purging C:\Users\rtersluijsen\AppData\Roaming\npm-cache\pg
320 silly vacuum-fs purging C:\Users\rtersluijsen\AppData\Roaming\npm-cache\pg-connection-string
321 silly vacuum-fs purging C:\Users\rtersluijsen\AppData\Roaming\npm-cache\pg-pool
322 silly vacuum-fs purging C:\Users\rtersluijsen\AppData\Roaming\npm-cache\pg-types
323 silly vacuum-fs purging C:\Users\rtersluijsen\AppData\Roaming\npm-cache\pgpass
324 silly vacuum-fs purging C:\Users\rtersluijsen\AppData\Roaming\npm-cache\postgres-array
325 silly vacuum-fs purging C:\Users\rtersluijsen\AppData\Roaming\npm-cache\postgres-bytea
326 silly vacuum-fs purging C:\Users\rtersluijsen\AppData\Roaming\npm-cache\postgres-date
327 silly vacuum-fs purging C:\Users\rtersluijsen\AppData\Roaming\npm-cache\postgres-interval
328 silly vacuum-fs purging C:\Users\rtersluijsen\AppData\Roaming\npm-cache\proxy-addr
329 silly vacuum-fs purging C:\Users\rtersluijsen\AppData\Roaming\npm-cache\punycode
330 silly vacuum-fs purging C:\Users\rtersluijsen\AppData\Roaming\npm-cache\qs
331 silly vacuum-fs purging C:\Users\rtersluijsen\AppData\Roaming\npm-cache\range-parser
332 silly vacuum-fs purging C:\Users\rtersluijsen\AppData\Roaming\npm-cache\raw-body
333 silly vacuum-fs purging C:\Users\rtersluijsen\AppData\Roaming\npm-cache\registry.npmjs.org
334 silly vacuum-fs purging C:\Users\rtersluijsen\AppData\Roaming\npm-cache\request
335 silly vacuum-fs purging C:\Users\rtersluijsen\AppData\Roaming\npm-cache\safe-buffer
336 silly vacuum-fs purging C:\Users\rtersluijsen\AppData\Roaming\npm-cache\sax
337 silly vacuum-fs purging C:\Users\rtersluijsen\AppData\Roaming\npm-cache\semver
338 silly vacuum-fs purging C:\Users\rtersluijsen\AppData\Roaming\npm-cache\send
339 silly vacuum-fs purging C:\Users\rtersluijsen\AppData\Roaming\npm-cache\serve-static
340 silly vacuum-fs purging C:\Users\rtersluijsen\AppData\Roaming\npm-cache\setprototypeof
341 silly vacuum-fs purging C:\Users\rtersluijsen\AppData\Roaming\npm-cache\sntp
342 silly vacuum-fs purging C:\Users\rtersluijsen\AppData\Roaming\npm-cache\split
343 silly vacuum-fs purging C:\Users\rtersluijsen\AppData\Roaming\npm-cache\sshpk
344 silly vacuum-fs purging C:\Users\rtersluijsen\AppData\Roaming\npm-cache\statuses
345 silly vacuum-fs purging C:\Users\rtersluijsen\AppData\Roaming\npm-cache\stringstream
346 silly vacuum-fs purging C:\Users\rtersluijsen\AppData\Roaming\npm-cache\through
347 silly vacuum-fs purging C:\Users\rtersluijsen\AppData\Roaming\npm-cache\tough-cookie
348 silly vacuum-fs purging C:\Users\rtersluijsen\AppData\Roaming\npm-cache\tunnel-agent
349 silly vacuum-fs purging C:\Users\rtersluijsen\AppData\Roaming\npm-cache\tweetnacl
350 silly vacuum-fs purging C:\Users\rtersluijsen\AppData\Roaming\npm-cache\type-is
351 silly vacuum-fs purging C:\Users\rtersluijsen\AppData\Roaming\npm-cache\unpipe
352 silly vacuum-fs purging C:\Users\rtersluijsen\AppData\Roaming\npm-cache\utils-merge
353 silly vacuum-fs purging C:\Users\rtersluijsen\AppData\Roaming\npm-cache\uuid
354 silly vacuum-fs purging C:\Users\rtersluijsen\AppData\Roaming\npm-cache\vary
355 silly vacuum-fs purging C:\Users\rtersluijsen\AppData\Roaming\npm-cache\verror
356 silly vacuum-fs purging C:\Users\rtersluijsen\AppData\Roaming\npm-cache\xml2js
357 silly vacuum-fs purging C:\Users\rtersluijsen\AppData\Roaming\npm-cache\xmlbuilder
358 silly vacuum-fs purging C:\Users\rtersluijsen\AppData\Roaming\npm-cache\xtend
359 silly vacuum-fs quitting because other entries in C:\Users\rtersluijsen\AppData\Roaming\npm-cache
360 silly vacuum-fs quitting because other entries in C:\Users\rtersluijsen\AppData\Roaming\npm-cache
361 silly vacuum-fs quitting because other entries in C:\Users\rtersluijsen\AppData\Roaming\npm-cache
362 silly vacuum-fs removing C:\Users\rtersluijsen\AppData\Roaming\npm-cache
363 silly vacuum-fs removing C:\Users\rtersluijsen\AppData\Roaming\npm-cache
364 silly vacuum-fs removing C:\Users\rtersluijsen\AppData\Roaming\npm-cache
365 silly vacuum-fs removing C:\Users\rtersluijsen\AppData\Roaming\npm-cache
366 silly vacuum-fs removing C:\Users\rtersluijsen\AppData\Roaming\npm-cache
367 silly vacuum-fs removing C:\Users\rtersluijsen\AppData\Roaming\npm-cache
368 silly vacuum-fs removing C:\Users\rtersluijsen\AppData\Roaming\npm-cache
369 silly vacuum-fs removing C:\Users\rtersluijsen\AppData\Roaming\npm-cache
370 silly vacuum-fs removing C:\Users\rtersluijsen\AppData\Roaming\npm-cache
371 silly vacuum-fs removing C:\Users\rtersluijsen\AppData\Roaming\npm-cache
372 silly vacuum-fs removing C:\Users\rtersluijsen\AppData\Roaming\npm-cache
373 silly vacuum-fs removing C:\Users\rtersluijsen\AppData\Roaming\npm-cache
374 silly vacuum-fs removing C:\Users\rtersluijsen\AppData\Roaming\npm-cache
375 silly vacuum-fs removing C:\Users\rtersluijsen\AppData\Roaming\npm-cache
376 silly vacuum-fs removing C:\Users\rtersluijsen\AppData\Roaming\npm-cache
377 silly vacuum-fs removing C:\Users\rtersluijsen\AppData\Roaming\npm-cache
378 silly vacuum-fs removing C:\Users\rtersluijsen\AppData\Roaming\npm-cache
379 silly vacuum-fs removing C:\Users\rtersluijsen\AppData\Roaming\npm-cache
380 silly vacuum-fs removing C:\Users\rtersluijsen\AppData\Roaming\npm-cache
381 silly vacuum-fs removing C:\Users\rtersluijsen\AppData\Roaming\npm-cache
382 silly vacuum-fs removing C:\Users\rtersluijsen\AppData\Roaming\npm-cache
383 silly vacuum-fs removing C:\Users\rtersluijsen\AppData\Roaming\npm-cache
384 silly vacuum-fs removing C:\Users\rtersluijsen\AppData\Roaming\npm-cache
385 silly vacuum-fs removing C:\Users\rtersluijsen\AppData\Roaming\npm-cache
386 silly vacuum-fs removing C:\Users\rtersluijsen\AppData\Roaming\npm-cache
387 silly vacuum-fs removing C:\Users\rtersluijsen\AppData\Roaming\npm-cache
388 silly vacuum-fs removing C:\Users\rtersluijsen\AppData\Roaming\npm-cache
389 silly vacuum-fs removing C:\Users\rtersluijsen\AppData\Roaming\npm-cache
390 silly vacuum-fs removing C:\Users\rtersluijsen\AppData\Roaming\npm-cache
391 silly vacuum-fs removing C:\Users\rtersluijsen\AppData\Roaming\npm-cache
392 silly vacuum-fs removing C:\Users\rtersluijsen\AppData\Roaming\npm-cache
393 silly vacuum-fs removing C:\Users\rtersluijsen\AppData\Roaming\npm-cache
394 silly vacuum-fs removing C:\Users\rtersluijsen\AppData\Roaming\npm-cache
395 silly vacuum-fs removing C:\Users\rtersluijsen\AppData\Roaming\npm-cache
396 silly vacuum-fs removing C:\Users\rtersluijsen\AppData\Roaming\npm-cache
397 silly vacuum-fs removing C:\Users\rtersluijsen\AppData\Roaming\npm-cache
398 silly vacuum-fs removing C:\Users\rtersluijsen\AppData\Roaming\npm-cache
399 silly vacuum-fs removing C:\Users\rtersluijsen\AppData\Roaming\npm-cache
400 silly vacuum-fs removing C:\Users\rtersluijsen\AppData\Roaming\npm-cache
401 silly vacuum-fs removing C:\Users\rtersluijsen\AppData\Roaming\npm-cache
402 silly vacuum-fs removing C:\Users\rtersluijsen\AppData\Roaming\npm-cache
403 silly vacuum-fs removing C:\Users\rtersluijsen\AppData\Roaming\npm-cache
404 silly vacuum-fs removing C:\Users\rtersluijsen\AppData\Roaming\npm-cache
405 silly vacuum-fs removing C:\Users\rtersluijsen\AppData\Roaming\npm-cache
406 silly vacuum-fs removing C:\Users\rtersluijsen\AppData\Roaming\npm-cache
407 silly vacuum-fs removing C:\Users\rtersluijsen\AppData\Roaming\npm-cache
408 silly vacuum-fs removing C:\Users\rtersluijsen\AppData\Roaming\npm-cache
409 silly vacuum-fs removing C:\Users\rtersluijsen\AppData\Roaming\npm-cache
410 silly vacuum-fs removing C:\Users\rtersluijsen\AppData\Roaming\npm-cache
411 silly vacuum-fs removing C:\Users\rtersluijsen\AppData\Roaming\npm-cache
412 silly vacuum-fs removing C:\Users\rtersluijsen\AppData\Roaming\npm-cache
413 silly vacuum-fs removing C:\Users\rtersluijsen\AppData\Roaming\npm-cache
414 silly vacuum-fs removing C:\Users\rtersluijsen\AppData\Roaming\npm-cache
415 silly vacuum-fs removing C:\Users\rtersluijsen\AppData\Roaming\npm-cache
416 silly vacuum-fs removing C:\Users\rtersluijsen\AppData\Roaming\npm-cache
417 silly vacuum-fs removing C:\Users\rtersluijsen\AppData\Roaming\npm-cache
418 silly vacuum-fs removing C:\Users\rtersluijsen\AppData\Roaming\npm-cache
419 silly vacuum-fs removing C:\Users\rtersluijsen\AppData\Roaming\npm-cache
420 silly vacuum-fs removing C:\Users\rtersluijsen\AppData\Roaming\npm-cache
421 silly vacuum-fs removing C:\Users\rtersluijsen\AppData\Roaming\npm-cache
422 silly vacuum-fs removing C:\Users\rtersluijsen\AppData\Roaming\npm-cache
423 silly vacuum-fs removing C:\Users\rtersluijsen\AppData\Roaming\npm-cache
424 silly vacuum-fs removing C:\Users\rtersluijsen\AppData\Roaming\npm-cache
425 silly vacuum-fs removing C:\Users\rtersluijsen\AppData\Roaming\npm-cache
426 silly vacuum-fs removing C:\Users\rtersluijsen\AppData\Roaming\npm-cache
427 silly vacuum-fs removing C:\Users\rtersluijsen\AppData\Roaming\npm-cache
428 silly vacuum-fs removing C:\Users\rtersluijsen\AppData\Roaming\npm-cache
429 silly vacuum-fs removing C:\Users\rtersluijsen\AppData\Roaming\npm-cache
430 silly vacuum-fs removing C:\Users\rtersluijsen\AppData\Roaming\npm-cache
431 silly vacuum-fs removing C:\Users\rtersluijsen\AppData\Roaming\npm-cache
432 silly vacuum-fs removing C:\Users\rtersluijsen\AppData\Roaming\npm-cache
433 silly vacuum-fs removing C:\Users\rtersluijsen\AppData\Roaming\npm-cache
434 silly vacuum-fs removing C:\Users\rtersluijsen\AppData\Roaming\npm-cache
435 silly vacuum-fs removing C:\Users\rtersluijsen\AppData\Roaming\npm-cache
436 silly vacuum-fs removing C:\Users\rtersluijsen\AppData\Roaming\npm-cache
437 silly vacuum-fs removing C:\Users\rtersluijsen\AppData\Roaming\npm-cache
438 silly vacuum-fs removing C:\Users\rtersluijsen\AppData\Roaming\npm-cache
439 silly vacuum-fs removing C:\Users\rtersluijsen\AppData\Roaming\npm-cache
440 silly vacuum-fs removing C:\Users\rtersluijsen\AppData\Roaming\npm-cache
441 silly vacuum-fs removing C:\Users\rtersluijsen\AppData\Roaming\npm-cache
442 silly vacuum-fs removing C:\Users\rtersluijsen\AppData\Roaming\npm-cache
443 silly vacuum-fs removing C:\Users\rtersluijsen\AppData\Roaming\npm-cache
444 silly vacuum-fs removing C:\Users\rtersluijsen\AppData\Roaming\npm-cache
445 silly vacuum-fs removing C:\Users\rtersluijsen\AppData\Roaming\npm-cache
446 silly vacuum-fs removing C:\Users\rtersluijsen\AppData\Roaming\npm-cache
447 silly vacuum-fs removing C:\Users\rtersluijsen\AppData\Roaming\npm-cache
448 silly vacuum-fs removing C:\Users\rtersluijsen\AppData\Roaming\npm-cache
449 silly vacuum-fs removing C:\Users\rtersluijsen\AppData\Roaming\npm-cache
450 silly vacuum-fs removing C:\Users\rtersluijsen\AppData\Roaming\npm-cache
451 silly vacuum-fs removing C:\Users\rtersluijsen\AppData\Roaming\npm-cache
452 silly vacuum-fs removing C:\Users\rtersluijsen\AppData\Roaming\npm-cache
453 silly vacuum-fs removing C:\Users\rtersluijsen\AppData\Roaming\npm-cache
454 silly vacuum-fs removing C:\Users\rtersluijsen\AppData\Roaming\npm-cache
455 silly vacuum-fs removing C:\Users\rtersluijsen\AppData\Roaming\npm-cache
456 silly vacuum-fs removing C:\Users\rtersluijsen\AppData\Roaming\npm-cache
457 silly vacuum-fs removing C:\Users\rtersluijsen\AppData\Roaming\npm-cache
458 silly vacuum-fs removing C:\Users\rtersluijsen\AppData\Roaming\npm-cache
459 silly vacuum-fs removing C:\Users\rtersluijsen\AppData\Roaming\npm-cache
460 silly vacuum-fs removing C:\Users\rtersluijsen\AppData\Roaming\npm-cache
461 silly vacuum-fs removing C:\Users\rtersluijsen\AppData\Roaming\npm-cache
462 silly vacuum-fs removing C:\Users\rtersluijsen\AppData\Roaming\npm-cache
463 silly vacuum-fs removing C:\Users\rtersluijsen\AppData\Roaming\npm-cache
464 silly vacuum-fs removing C:\Users\rtersluijsen\AppData\Roaming\npm-cache
465 silly vacuum-fs removing C:\Users\rtersluijsen\AppData\Roaming\npm-cache
466 silly vacuum-fs removing C:\Users\rtersluijsen\AppData\Roaming\npm-cache
467 silly vacuum-fs removing C:\Users\rtersluijsen\AppData\Roaming\npm-cache
468 silly vacuum-fs removing C:\Users\rtersluijsen\AppData\Roaming\npm-cache
469 silly vacuum-fs removing C:\Users\rtersluijsen\AppData\Roaming\npm-cache
470 silly vacuum-fs removing C:\Users\rtersluijsen\AppData\Roaming\npm-cache
471 silly vacuum-fs removing C:\Users\rtersluijsen\AppData\Roaming\npm-cache
472 silly vacuum-fs removing C:\Users\rtersluijsen\AppData\Roaming\npm-cache
473 silly vacuum-fs removing C:\Users\rtersluijsen\AppData\Roaming\npm-cache
474 silly vacuum-fs removing C:\Users\rtersluijsen\AppData\Roaming\npm-cache
475 silly vacuum-fs removing C:\Users\rtersluijsen\AppData\Roaming\npm-cache
476 silly vacuum-fs removing C:\Users\rtersluijsen\AppData\Roaming\npm-cache
477 silly vacuum-fs unable to lstat C:\Users\rtersluijsen\AppData\Roaming\npm-cache due to EPERM: operation not permitted, lstat 'C:\Users\rtersluijsen\AppData\Roaming\npm-cache'
478 silly vacuum-fs quitting because lost the race to remove C:\Users\rtersluijsen\AppData\Roaming\npm-cache
479 silly vacuum-fs quitting because lost the race to remove C:\Users\rtersluijsen\AppData\Roaming\npm-cache
480 silly vacuum-fs quitting because lost the race to remove C:\Users\rtersluijsen\AppData\Roaming\npm-cache
481 silly vacuum-fs quitting because lost the race to remove C:\Users\rtersluijsen\AppData\Roaming\npm-cache
482 silly vacuum-fs quitting because lost the race to remove C:\Users\rtersluijsen\AppData\Roaming\npm-cache
483 silly vacuum-fs quitting because lost the race to remove C:\Users\rtersluijsen\AppData\Roaming\npm-cache
484 silly vacuum-fs quitting because lost the race to remove C:\Users\rtersluijsen\AppData\Roaming\npm-cache
485 silly vacuum-fs quitting because lost the race to remove C:\Users\rtersluijsen\AppData\Roaming\npm-cache
486 silly vacuum-fs quitting because lost the race to remove C:\Users\rtersluijsen\AppData\Roaming\npm-cache
487 silly vacuum-fs quitting because lost the race to remove C:\Users\rtersluijsen\AppData\Roaming\npm-cache
488 silly vacuum-fs quitting because lost the race to remove C:\Users\rtersluijsen\AppData\Roaming\npm-cache
489 silly vacuum-fs quitting because lost the race to remove C:\Users\rtersluijsen\AppData\Roaming\npm-cache
490 silly vacuum-fs quitting because lost the race to remove C:\Users\rtersluijsen\AppData\Roaming\npm-cache
491 silly vacuum-fs quitting because lost the race to remove C:\Users\rtersluijsen\AppData\Roaming\npm-cache
492 silly vacuum-fs quitting because lost the race to remove C:\Users\rtersluijsen\AppData\Roaming\npm-cache
493 silly vacuum-fs quitting because lost the race to remove C:\Users\rtersluijsen\AppData\Roaming\npm-cache
494 silly vacuum-fs quitting because lost the race to remove C:\Users\rtersluijsen\AppData\Roaming\npm-cache
495 silly vacuum-fs quitting because lost the race to remove C:\Users\rtersluijsen\AppData\Roaming\npm-cache
496 silly vacuum-fs quitting because lost the race to remove C:\Users\rtersluijsen\AppData\Roaming\npm-cache
497 silly vacuum-fs quitting because lost the race to remove C:\Users\rtersluijsen\AppData\Roaming\npm-cache
498 silly vacuum-fs quitting because lost the race to remove C:\Users\rtersluijsen\AppData\Roaming\npm-cache
499 silly vacuum-fs quitting because lost the race to remove C:\Users\rtersluijsen\AppData\Roaming\npm-cache
500 silly vacuum-fs quitting because lost the race to remove C:\Users\rtersluijsen\AppData\Roaming\npm-cache
501 silly vacuum-fs quitting because lost the race to remove C:\Users\rtersluijsen\AppData\Roaming\npm-cache
502 silly vacuum-fs quitting because lost the race to remove C:\Users\rtersluijsen\AppData\Roaming\npm-cache
503 silly vacuum-fs quitting because lost the race to remove C:\Users\rtersluijsen\AppData\Roaming\npm-cache
504 silly vacuum-fs quitting because lost the race to remove C:\Users\rtersluijsen\AppData\Roaming\npm-cache
505 silly vacuum-fs quitting because lost the race to remove C:\Users\rtersluijsen\AppData\Roaming\npm-cache
506 silly vacuum-fs quitting because lost the race to remove C:\Users\rtersluijsen\AppData\Roaming\npm-cache
507 silly vacuum-fs quitting because lost the race to remove C:\Users\rtersluijsen\AppData\Roaming\npm-cache
508 silly vacuum-fs quitting because lost the race to remove C:\Users\rtersluijsen\AppData\Roaming\npm-cache
509 silly vacuum-fs quitting because lost the race to remove C:\Users\rtersluijsen\AppData\Roaming\npm-cache
510 silly vacuum-fs quitting because lost the race to remove C:\Users\rtersluijsen\AppData\Roaming\npm-cache
511 silly vacuum-fs quitting because lost the race to remove C:\Users\rtersluijsen\AppData\Roaming\npm-cache
512 silly vacuum-fs quitting because lost the race to remove C:\Users\rtersluijsen\AppData\Roaming\npm-cache
513 silly vacuum-fs quitting because lost the race to remove C:\Users\rtersluijsen\AppData\Roaming\npm-cache
514 silly vacuum-fs quitting because lost the race to remove C:\Users\rtersluijsen\AppData\Roaming\npm-cache
515 silly vacuum-fs quitting because lost the race to remove C:\Users\rtersluijsen\AppData\Roaming\npm-cache
516 silly vacuum-fs quitting because lost the race to remove C:\Users\rtersluijsen\AppData\Roaming\npm-cache
517 silly vacuum-fs quitting because lost the race to remove C:\Users\rtersluijsen\AppData\Roaming\npm-cache
518 silly vacuum-fs quitting because lost the race to remove C:\Users\rtersluijsen\AppData\Roaming\npm-cache
519 silly vacuum-fs quitting because lost the race to remove C:\Users\rtersluijsen\AppData\Roaming\npm-cache
520 silly vacuum-fs quitting because lost the race to remove C:\Users\rtersluijsen\AppData\Roaming\npm-cache
521 silly vacuum-fs quitting because lost the race to remove C:\Users\rtersluijsen\AppData\Roaming\npm-cache
522 silly vacuum-fs quitting because lost the race to remove C:\Users\rtersluijsen\AppData\Roaming\npm-cache
523 silly vacuum-fs quitting because lost the race to remove C:\Users\rtersluijsen\AppData\Roaming\npm-cache
524 silly vacuum-fs quitting because lost the race to remove C:\Users\rtersluijsen\AppData\Roaming\npm-cache
525 silly vacuum-fs quitting because lost the race to remove C:\Users\rtersluijsen\AppData\Roaming\npm-cache
526 silly vacuum-fs quitting because lost the race to remove C:\Users\rtersluijsen\AppData\Roaming\npm-cache
527 silly vacuum-fs quitting because lost the race to remove C:\Users\rtersluijsen\AppData\Roaming\npm-cache
528 silly vacuum-fs quitting because lost the race to remove C:\Users\rtersluijsen\AppData\Roaming\npm-cache
529 silly vacuum-fs quitting because lost the race to remove C:\Users\rtersluijsen\AppData\Roaming\npm-cache
530 silly vacuum-fs quitting because lost the race to remove C:\Users\rtersluijsen\AppData\Roaming\npm-cache
531 silly vacuum-fs quitting because lost the race to remove C:\Users\rtersluijsen\AppData\Roaming\npm-cache
532 silly vacuum-fs quitting because lost the race to remove C:\Users\rtersluijsen\AppData\Roaming\npm-cache
533 silly vacuum-fs quitting because lost the race to remove C:\Users\rtersluijsen\AppData\Roaming\npm-cache
534 silly vacuum-fs quitting because lost the race to remove C:\Users\rtersluijsen\AppData\Roaming\npm-cache
535 silly vacuum-fs quitting because lost the race to remove C:\Users\rtersluijsen\AppData\Roaming\npm-cache
536 silly vacuum-fs quitting because lost the race to remove C:\Users\rtersluijsen\AppData\Roaming\npm-cache
537 silly vacuum-fs quitting because lost the race to remove C:\Users\rtersluijsen\AppData\Roaming\npm-cache
538 silly vacuum-fs quitting because lost the race to remove C:\Users\rtersluijsen\AppData\Roaming\npm-cache
539 silly vacuum-fs quitting because lost the race to remove C:\Users\rtersluijsen\AppData\Roaming\npm-cache
540 silly vacuum-fs quitting because lost the race to remove C:\Users\rtersluijsen\AppData\Roaming\npm-cache
541 silly vacuum-fs quitting because lost the race to remove C:\Users\rtersluijsen\AppData\Roaming\npm-cache
542 silly vacuum-fs quitting because lost the race to remove C:\Users\rtersluijsen\AppData\Roaming\npm-cache
543 silly vacuum-fs quitting because lost the race to remove C:\Users\rtersluijsen\AppData\Roaming\npm-cache
544 silly vacuum-fs quitting because lost the race to remove C:\Users\rtersluijsen\AppData\Roaming\npm-cache
545 silly vacuum-fs quitting because lost the race to remove C:\Users\rtersluijsen\AppData\Roaming\npm-cache
546 silly vacuum-fs quitting because lost the race to remove C:\Users\rtersluijsen\AppData\Roaming\npm-cache
547 silly vacuum-fs quitting because lost the race to remove C:\Users\rtersluijsen\AppData\Roaming\npm-cache
548 silly vacuum-fs quitting because lost the race to remove C:\Users\rtersluijsen\AppData\Roaming\npm-cache
549 silly vacuum-fs quitting because lost the race to remove C:\Users\rtersluijsen\AppData\Roaming\npm-cache
550 silly vacuum-fs quitting because lost the race to remove C:\Users\rtersluijsen\AppData\Roaming\npm-cache
551 silly vacuum-fs quitting because lost the race to remove C:\Users\rtersluijsen\AppData\Roaming\npm-cache
552 silly vacuum-fs quitting because lost the race to remove C:\Users\rtersluijsen\AppData\Roaming\npm-cache
553 silly vacuum-fs quitting because lost the race to remove C:\Users\rtersluijsen\AppData\Roaming\npm-cache
554 silly vacuum-fs quitting because lost the race to remove C:\Users\rtersluijsen\AppData\Roaming\npm-cache
555 silly vacuum-fs quitting because lost the race to remove C:\Users\rtersluijsen\AppData\Roaming\npm-cache
556 silly vacuum-fs quitting because lost the race to remove C:\Users\rtersluijsen\AppData\Roaming\npm-cache
557 silly vacuum-fs quitting because lost the race to remove C:\Users\rtersluijsen\AppData\Roaming\npm-cache
558 silly vacuum-fs quitting because lost the race to remove C:\Users\rtersluijsen\AppData\Roaming\npm-cache
559 silly vacuum-fs quitting because lost the race to remove C:\Users\rtersluijsen\AppData\Roaming\npm-cache
560 silly vacuum-fs quitting because lost the race to remove C:\Users\rtersluijsen\AppData\Roaming\npm-cache
561 silly vacuum-fs quitting because lost the race to remove C:\Users\rtersluijsen\AppData\Roaming\npm-cache
562 silly vacuum-fs quitting because lost the race to remove C:\Users\rtersluijsen\AppData\Roaming\npm-cache
563 silly vacuum-fs quitting because lost the race to remove C:\Users\rtersluijsen\AppData\Roaming\npm-cache
564 silly vacuum-fs quitting because lost the race to remove C:\Users\rtersluijsen\AppData\Roaming\npm-cache
565 silly vacuum-fs quitting because lost the race to remove C:\Users\rtersluijsen\AppData\Roaming\npm-cache
566 silly vacuum-fs quitting because lost the race to remove C:\Users\rtersluijsen\AppData\Roaming\npm-cache
567 silly vacuum-fs quitting because lost the race to remove C:\Users\rtersluijsen\AppData\Roaming\npm-cache
568 silly vacuum-fs quitting because lost the race to remove C:\Users\rtersluijsen\AppData\Roaming\npm-cache
569 silly vacuum-fs quitting because lost the race to remove C:\Users\rtersluijsen\AppData\Roaming\npm-cache
570 silly vacuum-fs quitting because lost the race to remove C:\Users\rtersluijsen\AppData\Roaming\npm-cache
571 silly vacuum-fs quitting because lost the race to remove C:\Users\rtersluijsen\AppData\Roaming\npm-cache
572 silly vacuum-fs quitting because lost the race to remove C:\Users\rtersluijsen\AppData\Roaming\npm-cache
573 silly vacuum-fs quitting because lost the race to remove C:\Users\rtersluijsen\AppData\Roaming\npm-cache
574 silly vacuum-fs quitting because lost the race to remove C:\Users\rtersluijsen\AppData\Roaming\npm-cache
575 silly vacuum-fs quitting because lost the race to remove C:\Users\rtersluijsen\AppData\Roaming\npm-cache
576 silly vacuum-fs quitting because lost the race to remove C:\Users\rtersluijsen\AppData\Roaming\npm-cache
577 silly vacuum-fs quitting because lost the race to remove C:\Users\rtersluijsen\AppData\Roaming\npm-cache
578 silly vacuum-fs quitting because lost the race to remove C:\Users\rtersluijsen\AppData\Roaming\npm-cache
579 silly vacuum-fs quitting because lost the race to remove C:\Users\rtersluijsen\AppData\Roaming\npm-cache
580 silly vacuum-fs quitting because lost the race to remove C:\Users\rtersluijsen\AppData\Roaming\npm-cache
581 silly vacuum-fs quitting because lost the race to remove C:\Users\rtersluijsen\AppData\Roaming\npm-cache
582 silly vacuum-fs quitting because lost the race to remove C:\Users\rtersluijsen\AppData\Roaming\npm-cache
583 silly vacuum-fs quitting because lost the race to remove C:\Users\rtersluijsen\AppData\Roaming\npm-cache
584 silly vacuum-fs quitting because lost the race to remove C:\Users\rtersluijsen\AppData\Roaming\npm-cache
585 silly vacuum-fs quitting because lost the race to remove C:\Users\rtersluijsen\AppData\Roaming\npm-cache
586 silly vacuum-fs quitting because lost the race to remove C:\Users\rtersluijsen\AppData\Roaming\npm-cache
587 silly vacuum-fs quitting because lost the race to remove C:\Users\rtersluijsen\AppData\Roaming\npm-cache
588 silly vacuum-fs quitting because lost the race to remove C:\Users\rtersluijsen\AppData\Roaming\npm-cache
589 silly vacuum-fs quitting because lost the race to remove C:\Users\rtersluijsen\AppData\Roaming\npm-cache
590 silly vacuum-fs quitting because other entries in C:\Users\rtersluijsen\AppData\Roaming
591 silly vacuum-fs quitting because other entries in C:\Users\rtersluijsen\AppData\Roaming
592 verbose stack Error: EPERM: operation not permitted, lstat 'C:\Users\rtersluijsen\AppData\Roaming\npm-cache'
592 verbose stack     at Error (native)
593 verbose cwd C:\Users\rtersluijsen\heroku-node
594 error Windows_NT 10.0.15063
595 error argv "C:\\Program Files\\nodejs\\node.exe" "C:\\Program Files\\nodejs\\node_modules\\npm\\bin\\npm-cli.js" "cache" "clean"
596 error node v6.11.2
597 error npm  v3.10.10
598 error path C:\Users\rtersluijsen\AppData\Roaming\npm-cache
599 error code EPERM
600 error errno -4048
601 error syscall lstat
602 error Error: EPERM: operation not permitted, lstat 'C:\Users\rtersluijsen\AppData\Roaming\npm-cache'
602 error     at Error (native)
602 error  { Error: EPERM: operation not permitted, lstat 'C:\Users\rtersluijsen\AppData\Roaming\npm-cache'
602 error     at Error (native)
602 error   errno: -4048,
602 error   code: 'EPERM',
602 error   syscall: 'lstat',
602 error   path: 'C:\\Users\\rtersluijsen\\AppData\\Roaming\\npm-cache' }
603 error Please try running this command again as root/Administrator.
604 verbose exit [ -4048, true ]
